2023-10-05 12:49:33,399.Airdata_Producer.INFO ==================================================
2023-10-05 12:49:33,400.Airdata_Producer.INFO Today is 2023-10-05 at 12:49 PM
2023-10-05 12:49:33,401.Airdata_Producer.INFO Running on: nt Windows 10
2023-10-05 12:49:33,401.Airdata_Producer.INFO Python version:  3.10.8
2023-10-05 12:49:33,402.Airdata_Producer.INFO Python path: C:\Users\KONGA\miniconda3
2023-10-05 12:49:33,402.Airdata_Producer.INFO Working dir: C:\Users\KONGA\Documents\Streaming-07-Airline-Project
2023-10-05 12:49:33,403.Airdata_Producer.INFO ==================================================
2023-10-05 12:49:33,715.Airdata_Producer.INFO  [x] Sent Passenger ID,First Name,Last Name,Gender,Age,Nationality,Airport Name,Airport Country Code,Country Name,Airport Continent,Continents,Departure Date,Arrival Airport,Pilot Name,Flight Status
2023-10-05 12:49:38,773.Airdata_Producer.INFO  [x] Sent ABVWIg,Edithe,Leggis,Female,62,Japan,Coldfoot Airport,US,United States,NAM,North America,6/28/2022,CXF,Fransisco Hazeldine,On Time
2023-10-05 12:49:43,808.Airdata_Producer.INFO  [x] Sent jkXXAX,Elwood,Catt,Male,62,Nicaragua,Kugluktuk Airport,CA,Canada,NAM,North America,12/26/2022,YCO,Marla Parsonage,On Time
2023-10-05 12:49:48,850.Airdata_Producer.INFO  [x] Sent CdUz2g,Darby,Felgate,Male,67,Russia,Grenoble-Isère Airport,FR,France,EU,Europe,1/18/2022,GNB,Rhonda Amber,On Time
2023-10-05 12:49:53,889.Airdata_Producer.INFO  [x] Sent BRS38V,Dominica,Pyle,Female,71,China,Ottawa / Gatineau Airport,CA,Canada,NAM,North America,9/16/2022,YND,Kacie Commucci,Delayed
2023-10-05 12:49:58,921.Airdata_Producer.INFO  [x] Sent 9kvTLo,Bay,Pencost,Male,21,China,Gillespie Field,US,United States,NAM,North America,2/25/2022,SEE,Ebonee Tree,On Time
2023-10-05 12:50:03,957.Airdata_Producer.INFO  [x] Sent nMJKVh,Lora,Durbann,Female,55,Brazil,Coronel Horácio de Mattos Airport,BR,Brazil,SAM,South America,6/10/2022,LEC,Inglis Dolley,On Time
2023-10-05 12:50:08,988.Airdata_Producer.INFO  [x] Sent 8IPFPE,Rand,Bram,Male,73,Ivory Coast,Duxford Aerodrome,GB,United Kingdom,EU,Europe,10/30/2022,QFO,Stanislas Tiffin,Cancelled
2023-10-05 12:50:14,034.Airdata_Producer.INFO  [x] Sent pqixbY,Perceval,Dallosso,Male,36,Vietnam,Maestro Wilson Fonseca Airport,BR,Brazil,SAM,South America,4/7/2022,STM,Sharyl Eastmead,Cancelled
2023-10-05 12:50:19,073.Airdata_Producer.INFO  [x] Sent QNAs2R,Aleda,Pigram,Female,35,Palestinian Territory,Venice Marco Polo Airport,IT,Italy,EU,Europe,8/20/2022,VCE,Daryn Bardsley,On Time
2023-10-05 12:50:24,121.Airdata_Producer.INFO  [x] Sent 3jmudz,Burlie,Schustl,Male,13,Thailand,Vermilion Airport,CA,Canada,NAM,North America,4/6/2022,YVG,Alameda Carlyle,On Time
2023-10-05 12:50:29,167.Airdata_Producer.INFO  [x] Sent 2P41gZ,Porty,Jori,Male,39,Tunisia,Nuevo Casas Grandes Airport,MX,Mexico,NAM,North America,5/27/2022,NCG,Rasia Fidelus,Cancelled
2023-10-05 12:50:34,201.Airdata_Producer.INFO  [x] Sent sBf524,Briant,De La Haye,Male,71,Russia,Ruben Cantu Airport,PA,Panama,NAM,North America,2/6/2022,SYP,Alina Flooks,Delayed
2023-10-05 12:50:39,244.Airdata_Producer.INFO  [x] Sent PlwJZT,Kalie,Scoble,Female,47,Sweden,Loralai Airport,PK,Pakistan,AS,Asia,3/19/2022,LRG,Madelena Lennarde,Delayed
2023-10-05 12:50:44,282.Airdata_Producer.INFO  [x] Sent iU75x3,Catriona,Beaument,Female,77,Russia,Cudal Airport,AU,Australia,OC,Oceania,3/24/2022,CUG,Margie Beal,Delayed
2023-10-05 12:50:49,325.Airdata_Producer.INFO  [x] Sent GUta6R,Amberly,Handling,Female,32,China,Farmington Regional Airport,US,United States,NAM,North America,3/7/2022,FAM,Lothaire Eades,Delayed
2023-10-05 12:50:54,367.Airdata_Producer.INFO  [x] Sent 8qA80a,Dyna,De'Vere - Hunt,Female,22,China,Oudtshoorn Airport,ZA,South Africa,AF,Africa,7/18/2022,OUH,Neila Giercke,Cancelled
2023-10-05 12:50:59,409.Airdata_Producer.INFO  [x] Sent 2haCDu,Janella,Hardaker,Female,28,Colombia,Zaraza Airport,VE,Venezuela, Bolivarian Republic of,SAM,South America,9/23/2022,ZRZ,Shaylynn Alcott,On Time
2023-10-05 12:51:04,439.Airdata_Producer.INFO  [x] Sent WiVl8o,Alvin,Wenzel,Male,12,Greece,Enshi Airport,CN,China,AS,Asia,3/29/2022,ENH,Alfie MacMorland,Delayed
2023-10-05 12:51:09,481.Airdata_Producer.INFO  [x] Sent e0H5LI,Jerrine,Peeters,Female,87,Philippines,Thompson Airport,CA,Canada,NAM,North America,11/3/2022,YTH,Chandra Dyhouse,Cancelled
2023-10-05 12:51:14,525.Airdata_Producer.INFO  [x] Sent nL8kyD,Warner,Driutti,Male,62,China,Guilin Liangjiang International Airport,CN,China,AS,Asia,9/5/2022,KWL,Marita Holtom,Cancelled
2023-10-05 12:51:19,573.Airdata_Producer.INFO  [x] Sent 9iT79e,Paige,Hayhow,Male,24,Sweden,Crested Butte Airpark,US,United States,NAM,North America,2/19/2022,CSE,Clyde Winn,Delayed
2023-10-05 12:51:24,612.Airdata_Producer.INFO  [x] Sent kEARqP,Dorisa,Skill,Female,19,Ukraine,St Augustin Airport,CA,Canada,NAM,North America,11/5/2022,YIF,Ilyse Bartleman,Cancelled
2023-10-05 12:51:29,657.Airdata_Producer.INFO  [x] Sent dx3NWh,Bobbye,Patmore,Female,45,China,Port Bergé Airport,MG,Madagascar,AF,Africa,8/24/2022,WPB,Stella Pittham,On Time
2023-10-05 12:51:34,698.Airdata_Producer.INFO  [x] Sent Dpafly,Jayme,Dairton,Female,29,Indonesia,Hato Corozal Airport,CO,Colombia,SAM,South America,8/6/2022,HTZ,Kaye Clews,Delayed
2023-10-05 12:51:39,730.Airdata_Producer.INFO  [x] Sent WV3aXu,Sayre,Stroyan,Male,87,Indonesia,Elkhart Municipal Airport,US,United States,NAM,North America,3/20/2022,EKI,Austine Crewe,Cancelled
2023-10-05 12:51:44,775.Airdata_Producer.INFO  [x] Sent f27tyG,Joellyn,Stutter,Female,8,Croatia,Timbedra Airport,MR,Mauritania,AF,Africa,2/19/2022,TMD,Janaya Retchford,On Time
2023-10-05 12:51:49,804.Airdata_Producer.INFO  [x] Sent g2jtbv,Julietta,Delahunt,Female,14,Democratic Republic of the Congo,Bagan Airport,MM,Myanmar,AS,Asia,10/3/2022,NYU,Aimil Shakshaft,Delayed
2023-10-05 12:51:54,848.Airdata_Producer.INFO  [x] Sent KQmI30,Halie,Jewar,Female,53,France,Wiley Post Will Rogers Memorial Airport,US,United States,NAM,North America,12/5/2022,BRW,Katerine Bartolomivis,Delayed
2023-10-05 12:51:59,887.Airdata_Producer.INFO  [x] Sent uoKrdd,Jessamyn,Buddles,Female,6,Peru,Gamboma Airport,CG,Congo,AF,Africa,4/9/2022,GMM,Beau Stevens,Delayed
2023-10-05 12:52:04,937.Airdata_Producer.INFO  [x] Sent BhLqLM,Clevie,Clubbe,Male,35,China,Kasaba Bay Airport,ZM,Zambia,AF,Africa,4/14/2022,ZKB,Fenelia Print,Delayed
2023-10-05 12:52:09,968.Airdata_Producer.INFO  [x] Sent jy543k,Magdalen,Claiden,Female,14,China,Faleolo International Airport,WS,Samoa,OC,Oceania,7/22/2022,APW,Micky Luno,Delayed
2023-10-05 12:52:15,018.Airdata_Producer.INFO  [x] Sent ow3B76,Celina,Boothebie,Female,58,Latvia,Gorge Harbour Seaplane Base,CA,Canada,NAM,North America,8/5/2022,YGE,Balduin Ingman,Cancelled
2023-10-05 12:52:20,056.Airdata_Producer.INFO  [x] Sent sP3mCk,Murvyn,Duff,Male,19,Germany,Nesson Airport,NC,New Caledonia,OC,Oceania,3/25/2022,HLU,Dorine Timmermann,Cancelled
2023-10-05 12:52:25,097.Airdata_Producer.INFO  [x] Sent yewgFO,Lyndsie,Dyball,Female,22,Czech Republic,Malabo Airport,GQ,Equatorial Guinea,AF,Africa,9/23/2022,SSG,Arlina Legging,Delayed
2023-10-05 12:52:30,138.Airdata_Producer.INFO  [x] Sent m3EzMU,Ashlie,Rotham,Female,44,Ireland,Zahn's Airport,US,United States,NAM,North America,11/23/2022,AYZ,Vicky Silmon,Delayed
2023-10-05 12:52:35,185.Airdata_Producer.INFO  [x] Sent L0fKMv,Gardiner,Ferbrache,Male,9,Sweden,Gora Airstrip,PG,Papua New Guinea,OC,Oceania,6/25/2022,GOC,Pamela Franiak,On Time
2023-10-05 12:52:40,229.Airdata_Producer.INFO  [x] Sent CCMELG,Rudolph,Housbie,Male,74,Iran,Campbell River Airport,CA,Canada,NAM,North America,7/22/2022,YBL,Kirby Varvell,Delayed
2023-10-05 12:52:45,270.Airdata_Producer.INFO  [x] Sent xzTlBZ,Dun,Craythorn,Male,32,China,Moki Airport,PG,Papua New Guinea,OC,Oceania,12/21/2022,MJJ,Dunn MacSkeagan,Cancelled
2023-10-05 12:52:50,311.Airdata_Producer.INFO  [x] Sent HKk0Wz,Dasha,Eppson,Female,37,Indonesia,Bairnsdale Airport,AU,Australia,OC,Oceania,1/11/2022,BSJ,Merci Jeduch,On Time
2023-10-05 12:52:55,341.Airdata_Producer.INFO  [x] Sent HyzgMb,Bibby,Evershed,Female,73,Indonesia,Colonel Hill Airport,BS,Bahamas,NAM,North America,12/11/2022,CRI,Georgena Scanderet,Delayed
2023-10-05 12:53:00,385.Airdata_Producer.INFO  [x] Sent m0Y9PX,Ransom,Chippindale,Male,54,Peru,Minlaton Airport,AU,Australia,OC,Oceania,12/15/2022,XML,Lenci Aitkin,On Time
2023-10-05 12:53:05,418.Airdata_Producer.INFO  [x] Sent Dp1Yk1,Zelig,Brinded,Male,61,Brazil,Cincinnati Northern Kentucky International Airport,US,United States,NAM,North America,6/16/2022,CVG,Cosmo Rossbrook,On Time
2023-10-05 12:53:10,456.Airdata_Producer.INFO  [x] Sent qBeyHc,Rosalyn,Vondrys,Female,56,China,Rar Gwamar Airport,ID,Indonesia,AS,Asia,7/8/2022,DOB,Fowler Desquesnes,Delayed
2023-10-05 12:53:15,496.Airdata_Producer.INFO  [x] Sent nUcxxq,Lamond,Ahmed,Male,21,Croatia,Sawyer International Airport,US,United States,NAM,North America,5/17/2022,MQT,Liv Heinig,Cancelled
2023-10-05 12:53:20,532.Airdata_Producer.INFO  [x] Sent E3lxE1,Anders,Treadger,Male,62,Madagascar,Mirny Airport,RU,Russian Federation,AS,Asia,2/21/2022,MJZ,Giacomo Tooth,On Time
2023-10-05 12:53:25,565.Airdata_Producer.INFO  [x] Sent gieC4F,Haroun,holmes,Male,54,United States,Susanville Municipal Airport,US,United States,NAM,North America,3/21/2022,SVE,Xerxes Arkcoll,On Time
2023-10-05 12:53:30,600.Airdata_Producer.INFO  [x] Sent N9wtod,Kristan,Metzing,Female,37,Peru,Wichita Eisenhower National Airport,US,United States,NAM,North America,11/8/2022,ICT,Ellene Gibby,Delayed
2023-10-05 12:53:35,630.Airdata_Producer.INFO  [x] Sent 2GBRsN,Willie,Netherwood,Male,85,Russia,Kavieng Airport,PG,Papua New Guinea,OC,Oceania,6/22/2022,KVG,Shirlee Weldrake,On Time
2023-10-05 12:53:40,677.Airdata_Producer.INFO  [x] Sent FaU9VX,Aldon,Ridsdell,Male,24,Ghana,Arapiraca Airport,BR,Brazil,SAM,South America,4/26/2022,APQ,Lynette Ortelt,Delayed
2023-10-05 12:53:45,715.Airdata_Producer.INFO  [x] Sent kqtQSY,Chrotoem,Abels,Male,62,Russia,Port Lincoln Airport,AU,Australia,OC,Oceania,3/6/2022,PLO,Che Brett,On Time
2023-10-05 12:53:50,758.Airdata_Producer.INFO  [x] Sent IsAutB,Andy,Kettleson,Male,50,China,Roboré Airport,BO,Bolivia, Plurinational State of,SAM,South America,5/13/2022,RBO,Ivett Connikie,Cancelled
2023-10-05 12:53:55,796.Airdata_Producer.INFO  [x] Sent 38dxcj,Dredi,Curd,Female,45,Russia,Gaspé (Michel-Pouliot) Airport,CA,Canada,NAM,North America,5/15/2022,YGP,Fitzgerald Alberti,Cancelled
2023-10-05 12:54:00,847.Airdata_Producer.INFO  [x] Sent fXol41,Tessy,Athelstan,Female,83,Sweden,Kenmore Air Harbor Seaplane Base,US,United States,NAM,North America,12/8/2022,LKE,Denny Mudd,On Time
2023-10-05 12:54:05,895.Airdata_Producer.INFO  [x] Sent 09lGmv,Tamas,Vigneron,Male,58,Mali,Diamantina Lakes Airport,AU,Australia,OC,Oceania,11/23/2022,DYM,Clemente Mateev,Delayed
2023-10-05 12:54:10,939.Airdata_Producer.INFO  [x] Sent ZEtA0W,Gnni,Chaperling,Female,17,Brazil,Quzhou Airport,CN,China,AS,Asia,9/22/2022,JUZ,Justinn Hugh,On Time
2023-10-05 12:54:15,994.Airdata_Producer.INFO  [x] Sent teCvT2,Margaux,Lattin,Female,76,Guatemala,McGhee Tyson Airport,US,United States,NAM,North America,2/7/2022,TYS,Sydelle Danher,Delayed
2023-10-05 12:54:21,039.Airdata_Producer.INFO  [x] Sent 2Fdmm7,Anabella,Tutchings,Female,51,China,Mulika Lodge Airport,KE,Kenya,AF,Africa,7/27/2022,JJM,Joceline Frangleton,Cancelled
2023-10-05 12:54:26,068.Airdata_Producer.INFO  [x] Sent z50jvE,Joeann,Gotcliff,Female,77,Kyrgyzstan,Badu Island Airport,AU,Australia,OC,Oceania,11/24/2022,BDD,Brandais Crielly,Delayed
2023-10-05 13:04:52,092.Airdata_Producer.INFO  [x] Sent NvdMpW,Peri,Battram,Female,16,Peru,Putao Airport,MM,Myanmar,AS,Asia,12/18/2022,PBU,Coralyn McMickan,Cancelled
2023-10-05 13:04:57,127.Airdata_Producer.INFO  [x] Sent Zf643n,Eugenius,Headon,Male,77,Ukraine,Ouahigouya Airport,BF,Burkina Faso,AF,Africa,4/29/2022,OUG,Ibrahim Cotton,On Time
2023-10-05 13:05:02,174.Airdata_Producer.INFO  [x] Sent sF1bgv,Erwin,Baise,Male,12,Haiti,Tahsis Seaplane Base,CA,Canada,NAM,North America,1/31/2022,ZTS,Weber Swindon,Cancelled
2023-10-05 13:05:07,214.Airdata_Producer.INFO  [x] Sent 0auTO9,Leta,Tartt,Female,62,Afghanistan,Albert Lea Municipal Airport,US,United States,NAM,North America,7/5/2022,AEL,Karlene Kempster,On Time
2023-10-05 13:05:12,246.Airdata_Producer.INFO  [x] Sent 2MwBUd,Lilli,Sarath,Female,87,Sweden,White Mountain Airport,US,United States,NAM,North America,7/20/2022,WMO,Ollie Ventom,Delayed
2023-10-05 13:05:17,286.Airdata_Producer.INFO  [x] Sent F6FIhA,Franz,Roset,Male,23,Greece,Southwest Florida International Airport,US,United States,NAM,North America,3/24/2022,RSW,Stanford Garnam,Cancelled
2023-10-05 13:05:22,329.Airdata_Producer.INFO  [x] Sent fFCRXo,Natalya,Offner,Female,23,Czech Republic,South Galway Airport,AU,Australia,OC,Oceania,11/10/2022,ZGL,Christalle Lifton,Cancelled
2023-10-05 13:05:27,371.Airdata_Producer.INFO  [x] Sent MR979m,Genevra,Shipperbottom,Female,41,Ethiopia,Doini Airport,PG,Papua New Guinea,OC,Oceania,7/6/2022,DOI,Tandie Willbraham,On Time
2023-10-05 13:05:32,410.Airdata_Producer.INFO  [x] Sent HOUKta,Francine,Adolfsen,Female,54,Indonesia,Nanjing Lukou Airport,CN,China,AS,Asia,10/11/2022,NKG,Leanora Romney,Cancelled
2023-10-05 13:05:37,452.Airdata_Producer.INFO  [x] Sent ycRswR,Cairistiona,Tummond,Female,52,Tanzania,Mundo Maya International Airport,GT,Guatemala,NAM,North America,5/25/2022,FRS,Burnaby De Mitris,Cancelled
2023-10-05 13:05:42,497.Airdata_Producer.INFO  [x] Sent swq47m,Kelci,Colliver,Female,39,China,Matsu Nangan Airport,TW,Taiwan, Province of China,AS,Asia,10/27/2022,LZN,Dulci Bastow,On Time
2023-10-05 13:05:47,553.Airdata_Producer.INFO  [x] Sent rUPU18,Denys,Endricci,Male,33,Nigeria,Biju Patnaik Airport,IN,India,AS,Asia,7/22/2022,BBI,Lolly Sine,Delayed
2023-10-05 13:05:52,599.Airdata_Producer.INFO  [x] Sent k2G45D,Findley,Godleman,Male,89,Indonesia,Tamchakett Airport,MR,Mauritania,AF,Africa,10/25/2022,THT,Mitchell Parsisson,Delayed
2023-10-05 13:05:57,643.Airdata_Producer.INFO  [x] Sent udSiKS,Fidelio,Guerry,Male,3,China,Yuruf Airport,ID,Indonesia,AS,Asia,5/2/2022,RUF,Caye Donat,Delayed
2023-10-05 13:06:02,680.Airdata_Producer.INFO  [x] Sent zaa5OO,Krishnah,Dabels,Male,54,Russia,Monte Carmelo Airport,BR,Brazil,SAM,South America,9/14/2022,0,Freddie Wallach,On Time
2023-10-05 13:06:07,722.Airdata_Producer.INFO  [x] Sent ZE7IB5,Diannne,Samter,Female,73,Cameroon,Vadsø Airport,NO,Norway,EU,Europe,11/25/2022,VDS,Simmonds Gallihaulk,Cancelled
2023-10-05 13:06:12,766.Airdata_Producer.INFO  [x] Sent llbqHF,Inge,Hewins,Female,30,Morocco,Fakfak Airport,ID,Indonesia,AS,Asia,4/9/2022,FKQ,Danit Hazley,Cancelled
2023-10-05 13:06:17,797.Airdata_Producer.INFO  [x] Sent MQFk2E,Dermot,Stainburn,Male,54,Armenia,Islita Airport,CR,Costa Rica,NAM,North America,7/15/2022,PBP,Buddy Guslon,Cancelled
2023-10-05 13:06:22,835.Airdata_Producer.INFO  [x] Sent 3CAHBo,Ajay,Durward,Female,26,Russia,João Paulo II Airport,PT,Portugal,EU,Europe,8/26/2022,PDL,Bertha Piborn,On Time
2023-10-05 13:06:27,877.Airdata_Producer.INFO  [x] Sent KTegxQ,Constancy,Darke,Female,51,China,Batticaloa Airport,LK,Sri Lanka,AS,Asia,2/12/2022,BTC,Bron Alben,Cancelled
2023-10-05 13:06:32,925.Airdata_Producer.INFO  [x] Sent hXhRFH,Cy,Servante,Male,78,China,Omar N Bradley Airport,US,United States,NAM,North America,5/19/2022,MBY,Ludovika Purdon,Cancelled
2023-10-05 13:06:37,949.Airdata_Producer.INFO  [x] Sent RXha8e,Lennard,Giorgi,Male,43,Peru,Lihue Airport,US,United States,NAM,North America,1/31/2022,LIH,Jordana Lantaff,On Time
2023-10-05 13:06:42,985.Airdata_Producer.INFO  [x] Sent phfnHI,Cordie,Rosenberger,Female,3,Brazil,Spirit of St Louis Airport,US,United States,NAM,North America,7/17/2022,SUS,Enrica Ferrarini,On Time
2023-10-05 13:06:48,023.Airdata_Producer.INFO  [x] Sent cYDvaj,Noelyn,Penquet,Female,80,Brazil,Tahsis Seaplane Base,CA,Canada,NAM,North America,11/16/2022,ZTS,Harlene Illingsworth,On Time
2023-10-05 13:06:53,052.Airdata_Producer.INFO  [x] Sent Utv847,Frank,Greenhough,Male,52,Philippines,Mururoa Atoll Airport,PF,French Polynesia,OC,Oceania,2/6/2022,UOA,Ronald Antonucci,On Time
2023-10-05 13:06:58,087.Airdata_Producer.INFO  [x] Sent VxH2IW,Tan,Connold,Male,73,Sweden,Denver International Airport,US,United States,NAM,North America,5/7/2022,DEN,Bevvy Cleall,On Time
2023-10-05 13:07:03,132.Airdata_Producer.INFO  [x] Sent odEULc,Star,Casford,Female,49,Greece,Arly Airport,BF,Burkina Faso,AF,Africa,10/29/2022,ARL,Bailey Priver,Cancelled
2023-10-05 13:07:08,166.Airdata_Producer.INFO  [x] Sent 5fH1h6,Travers,Selwyne,Male,85,Colombia,Springfield Branson National Airport,US,United States,NAM,North America,8/9/2022,SGF,Annetta Vasyunkin,Cancelled
2023-10-05 13:07:13,214.Airdata_Producer.INFO  [x] Sent bf9LOz,Randie,Jankin,Male,68,Mexico,Paradise Island Airport,MZ,Mozambique,AF,Africa,10/29/2022,NTC,Ibrahim Andraud,On Time
2023-10-05 13:07:18,247.Airdata_Producer.INFO  [x] Sent OI5AwZ,Henryetta,Noice,Female,36,Chile,Merritt Airport,CA,Canada,NAM,North America,11/3/2022,YMB,Sybilla Hargey,Delayed
2023-10-05 13:07:23,285.Airdata_Producer.INFO  [x] Sent lh0OoV,Fons,Schrieves,Male,14,Albania,Naval Outlying Field Imperial Beach (Ream Field),US,United States,NAM,North America,9/26/2022,NRS,Reinald Toffler,On Time
2023-10-05 13:07:28,321.Airdata_Producer.INFO  [x] Sent 7K0lgK,Lissa,Thynn,Female,74,Luxembourg,In Guezzam Airport,DZ,Algeria,AF,Africa,1/20/2022,INF,Sean Searchwell,Delayed
2023-10-05 13:07:33,370.Airdata_Producer.INFO  [x] Sent 8P7qZJ,Mattias,Darrell,Male,78,Honduras,Aldan Airport,RU,Russian Federation,AS,Asia,8/7/2022,ADH,Masha Banville,Cancelled
2023-10-05 13:07:38,407.Airdata_Producer.INFO  [x] Sent yK4MWF,Cirilo,Camoletto,Male,19,China,Bhojpur Airport,NP,Nepal,AS,Asia,12/10/2022,BHP,Louisa Worvell,Delayed
2023-10-05 13:07:43,454.Airdata_Producer.INFO  [x] Sent 1cYnY2,Aeriela,Clarke,Female,70,Portugal,Gorna Oryahovitsa Airport,BG,Bulgaria,EU,Europe,9/25/2022,GOZ,Devonne Jon,On Time
2023-10-05 13:07:48,489.Airdata_Producer.INFO  [x] Sent LkZ2bb,Marjory,Franz,Female,46,Nigeria,Hattiesburg Laurel Regional Airport,US,United States,NAM,North America,7/27/2022,PIB,Padget Diben,Cancelled
2023-10-05 13:07:53,529.Airdata_Producer.INFO  [x] Sent EhG0RS,Rodolph,Grewcock,Male,23,Kazakhstan,Nalchik Airport,RU,Russian Federation,EU,Europe,11/26/2022,NAL,Constantine Leworthy,Delayed
2023-10-05 13:07:58,570.Airdata_Producer.INFO  [x] Sent p2BWbE,Justinn,Ishchenko,Female,54,Pakistan,Venice Municipal Airport,US,United States,NAM,North America,4/1/2022,VNC,Sapphira MacKinnon,On Time
2023-10-05 13:08:03,605.Airdata_Producer.INFO  [x] Sent GkqKuy,Winne,Cowland,Female,73,France,Tanda Tula Airport,ZA,South Africa,AF,Africa,6/17/2022,TDT,Ernaline Klain,Cancelled
2023-10-05 13:08:08,654.Airdata_Producer.INFO  [x] Sent nhuv0J,Gabriella,Patry,Female,65,China,Lar Airport,IR,Iran, Islamic Republic of,AS,Asia,7/31/2022,LRR,Clyve Dickerson,Delayed
